<?xml version="1.0" encoding="UTF-8"?>
<testsuite xmlns:xsi="http://www.w3.org/2001/XMLSchema-instance" xsi:noNamespaceSchemaLocation="https://maven.apache.org/surefire/maven-surefire-plugin/xsd/surefire-test-report-3.0.xsd" version="3.0" name="com.rafaj2ee.service.PurchaseTransactionServiceTest" time="2.276" tests="5" errors="0" skipped="0" failures="0">
  <properties>
[...]
</properties>
  <testcase name="testConvertTransactionCurrency" classname="com.rafaj2ee.service.PurchaseTransactionServiceTest" time="1.963"/>
  <testcase name="testSaveTransaction" classname="com.rafaj2ee.service.PurchaseTransactionServiceTest" time="0.003"/>
  <testcase name="testConvertTransactionCurrencyThrowsException" classname="com.rafaj2ee.service.PurchaseTransactionServiceTest" time="0.289"/>
  <testcase name="testFindById" classname="com.rafaj2ee.service.PurchaseTransactionServiceTest" time="0.004"/>
  <testcase name="testFindTransactions" classname="com.rafaj2ee.service.PurchaseTransactionServiceTest" time="0.009"/>
</testsuite>